{"C:\\Users\\User\\web-projects\\Backend-Node-Practice\\src\\index.js": {"path":"C:\\Users\\User\\web-projects\\Backend-Node-Practice\\src\\index.js","statementMap":{"0":{"start":{"line":1,"column":13},"end":{"line":1,"column":28}},"1":{"start":{"line":2,"column":33},"end":{"line":2,"column":63}},"2":{"start":{"line":3,"column":65},"end":{"line":3,"column":104}},"3":{"start":{"line":7,"column":13},"end":{"line":7,"column":39}},"4":{"start":{"line":8,"column":13},"end":{"line":8,"column":24}},"5":{"start":{"line":13,"column":4},"end":{"line":56,"column":5}},"6":{"start":{"line":44,"column":8},"end":{"line":44,"column":30}},"7":{"start":{"line":47,"column":11},"end":{"line":56,"column":5}},"8":{"start":{"line":48,"column":8},"end":{"line":55,"column":11}},"9":{"start":{"line":50,"column":12},"end":{"line":50,"column":30}},"10":{"start":{"line":53,"column":12},"end":{"line":53,"column":31}},"11":{"start":{"line":54,"column":12},"end":{"line":54,"column":43}},"12":{"start":{"line":61,"column":15},"end":{"line":61,"column":48}},"13":{"start":{"line":65,"column":0},"end":{"line":65,"column":121}},"14":{"start":{"line":65,"column":33},"end":{"line":65,"column":118}},"15":{"start":{"line":69,"column":0},"end":{"line":69,"column":24}}},"fnMap":{"0":{"name":"requestHandler","decl":{"start":{"line":12,"column":9},"end":{"line":12,"column":23}},"loc":{"start":{"line":12,"column":34},"end":{"line":57,"column":1}},"line":12},"1":{"name":"(anonymous_1)","decl":{"start":{"line":49,"column":13},"end":{"line":49,"column":14}},"loc":{"start":{"line":49,"column":19},"end":{"line":51,"column":9}},"line":49},"2":{"name":"(anonymous_2)","decl":{"start":{"line":52,"column":14},"end":{"line":52,"column":15}},"loc":{"start":{"line":52,"column":23},"end":{"line":55,"column":9}},"line":52},"3":{"name":"(anonymous_3)","decl":{"start":{"line":65,"column":26},"end":{"line":65,"column":27}},"loc":{"start":{"line":65,"column":32},"end":{"line":65,"column":119}},"line":65}},"branchMap":{"0":{"loc":{"start":{"line":7,"column":13},"end":{"line":7,"column":39}},"type":"binary-expr","locations":[{"start":{"line":7,"column":13},"end":{"line":7,"column":29}},{"start":{"line":7,"column":33},"end":{"line":7,"column":39}}],"line":7},"1":{"loc":{"start":{"line":13,"column":4},"end":{"line":56,"column":5}},"type":"if","locations":[{"start":{"line":13,"column":4},"end":{"line":56,"column":5}},{"start":{"line":47,"column":11},"end":{"line":56,"column":5}}],"line":13},"2":{"loc":{"start":{"line":13,"column":8},"end":{"line":13,"column":52}},"type":"binary-expr","locations":[{"start":{"line":13,"column":8},"end":{"line":13,"column":28}},{"start":{"line":13,"column":32},"end":{"line":13,"column":52}}],"line":13},"3":{"loc":{"start":{"line":47,"column":11},"end":{"line":56,"column":5}},"type":"if","locations":[{"start":{"line":47,"column":11},"end":{"line":56,"column":5}},{"start":{},"end":{}}],"line":47},"4":{"loc":{"start":{"line":47,"column":15},"end":{"line":47,"column":60}},"type":"binary-expr","locations":[{"start":{"line":47,"column":15},"end":{"line":47,"column":35}},{"start":{"line":47,"column":39},"end":{"line":47,"column":60}}],"line":47}},"s":{"0":1,"1":1,"2":1,"3":1,"4":1,"5":1,"6":1,"7":0,"8":0,"9":0,"10":0,"11":0,"12":1,"13":1,"14":1,"15":1},"f":{"0":1,"1":0,"2":0,"3":1},"b":{"0":[1,1],"1":[1,0],"2":[1,1],"3":[0,0],"4":[0,0]},"_coverageSchema":"1a1c01bbd47fc00a2c39e90264f33305004495a9","hash":"82e4cc888d142fb4c3554a2357328d2a2650de6f"}
,"C:\\Users\\User\\web-projects\\Backend-Node-Practice\\src\\utilities.js": {"path":"C:\\Users\\User\\web-projects\\Backend-Node-Practice\\src\\utilities.js","statementMap":{"0":{"start":{"line":1,"column":11},"end":{"line":1,"column":24}},"1":{"start":{"line":2,"column":13},"end":{"line":2,"column":28}},"2":{"start":{"line":8,"column":4},"end":{"line":10,"column":7}},"3":{"start":{"line":9,"column":8},"end":{"line":9,"column":38}},"4":{"start":{"line":15,"column":4},"end":{"line":22,"column":7}},"5":{"start":{"line":16,"column":8},"end":{"line":21,"column":11}},"6":{"start":{"line":17,"column":8},"end":{"line":19,"column":9}},"7":{"start":{"line":18,"column":12},"end":{"line":18,"column":29}},"8":{"start":{"line":20,"column":8},"end":{"line":20,"column":22}},"9":{"start":{"line":28,"column":4},"end":{"line":28,"column":60}},"10":{"start":{"line":29,"column":4},"end":{"line":31,"column":7}},"11":{"start":{"line":30,"column":8},"end":{"line":30,"column":34}},"12":{"start":{"line":30,"column":17},"end":{"line":30,"column":34}},"13":{"start":{"line":37,"column":26},"end":{"line":37,"column":50}},"14":{"start":{"line":38,"column":19},"end":{"line":38,"column":59}},"15":{"start":{"line":39,"column":4},"end":{"line":39,"column":18}},"16":{"start":{"line":45,"column":0},"end":{"line":50,"column":1}}},"fnMap":{"0":{"name":"getRequestData","decl":{"start":{"line":7,"column":9},"end":{"line":7,"column":23}},"loc":{"start":{"line":7,"column":48},"end":{"line":11,"column":1}},"line":7},"1":{"name":"(anonymous_1)","decl":{"start":{"line":8,"column":19},"end":{"line":8,"column":20}},"loc":{"start":{"line":8,"column":30},"end":{"line":10,"column":5}},"line":8},"2":{"name":"returnAllRecord","decl":{"start":{"line":14,"column":9},"end":{"line":14,"column":24}},"loc":{"start":{"line":14,"column":33},"end":{"line":23,"column":1}},"line":14},"3":{"name":"(anonymous_3)","decl":{"start":{"line":15,"column":23},"end":{"line":15,"column":24}},"loc":{"start":{"line":15,"column":44},"end":{"line":22,"column":5}},"line":15},"4":{"name":"(anonymous_4)","decl":{"start":{"line":16,"column":36},"end":{"line":16,"column":37}},"loc":{"start":{"line":16,"column":51},"end":{"line":21,"column":9}},"line":16},"5":{"name":"writeUpdatedRecord","decl":{"start":{"line":27,"column":9},"end":{"line":27,"column":27}},"loc":{"start":{"line":27,"column":56},"end":{"line":32,"column":1}},"line":27},"6":{"name":"(anonymous_6)","decl":{"start":{"line":29,"column":45},"end":{"line":29,"column":46}},"loc":{"start":{"line":29,"column":54},"end":{"line":31,"column":5}},"line":29},"7":{"name":"getDbPath","decl":{"start":{"line":36,"column":9},"end":{"line":36,"column":18}},"loc":{"start":{"line":36,"column":25},"end":{"line":40,"column":1}},"line":36}},"branchMap":{"0":{"loc":{"start":{"line":17,"column":8},"end":{"line":19,"column":9}},"type":"if","locations":[{"start":{"line":17,"column":8},"end":{"line":19,"column":9}},{"start":{},"end":{}}],"line":17},"1":{"loc":{"start":{"line":30,"column":8},"end":{"line":30,"column":34}},"type":"if","locations":[{"start":{"line":30,"column":8},"end":{"line":30,"column":34}},{"start":{},"end":{}}],"line":30}},"s":{"0":1,"1":1,"2":0,"3":0,"4":1,"5":1,"6":1,"7":0,"8":1,"9":0,"10":0,"11":0,"12":0,"13":2,"14":2,"15":2,"16":1},"f":{"0":0,"1":0,"2":1,"3":1,"4":1,"5":0,"6":0,"7":2},"b":{"0":[0,1],"1":[0,0]},"_coverageSchema":"1a1c01bbd47fc00a2c39e90264f33305004495a9","hash":"390781d85d225aa408e57eef0889ed0c54ec90a2"}
,"C:\\Users\\User\\web-projects\\Backend-Node-Practice\\src\\controllers\\authentication.js": {"path":"C:\\Users\\User\\web-projects\\Backend-Node-Practice\\src\\controllers\\authentication.js","statementMap":{"0":{"start":{"line":1,"column":0},"end":{"line":1,"column":27}},"1":{"start":{"line":3,"column":14},"end":{"line":3,"column":33}},"2":{"start":{"line":5,"column":55},"end":{"line":5,"column":78}},"3":{"start":{"line":7,"column":20},"end":{"line":7,"column":43}},"4":{"start":{"line":11,"column":4},"end":{"line":37,"column":7}},"5":{"start":{"line":13,"column":34},"end":{"line":13,"column":36}},"6":{"start":{"line":14,"column":8},"end":{"line":14,"column":47}},"7":{"start":{"line":17,"column":8},"end":{"line":36,"column":11}},"8":{"start":{"line":18,"column":37},"end":{"line":18,"column":80}},"9":{"start":{"line":20,"column":26},"end":{"line":20,"column":60}},"10":{"start":{"line":21,"column":31},"end":{"line":21,"column":48}},"11":{"start":{"line":22,"column":12},"end":{"line":25,"column":13}},"12":{"start":{"line":23,"column":16},"end":{"line":23,"column":70}},"13":{"start":{"line":24,"column":16},"end":{"line":24,"column":23}},"14":{"start":{"line":26,"column":30},"end":{"line":26,"column":110}},"15":{"start":{"line":26,"column":54},"end":{"line":26,"column":109}},"16":{"start":{"line":27,"column":12},"end":{"line":30,"column":13}},"17":{"start":{"line":28,"column":16},"end":{"line":28,"column":67}},"18":{"start":{"line":29,"column":16},"end":{"line":29,"column":22}},"19":{"start":{"line":31,"column":12},"end":{"line":34,"column":13}},"20":{"start":{"line":32,"column":16},"end":{"line":32,"column":67}},"21":{"start":{"line":33,"column":16},"end":{"line":33,"column":22}},"22":{"start":{"line":35,"column":12},"end":{"line":35,"column":22}},"23":{"start":{"line":43,"column":4},"end":{"line":56,"column":7}},"24":{"start":{"line":44,"column":28},"end":{"line":44,"column":53}},"25":{"start":{"line":45,"column":8},"end":{"line":48,"column":9}},"26":{"start":{"line":46,"column":12},"end":{"line":46,"column":82}},"27":{"start":{"line":47,"column":12},"end":{"line":47,"column":19}},"28":{"start":{"line":50,"column":22},"end":{"line":50,"column":47}},"29":{"start":{"line":51,"column":8},"end":{"line":54,"column":9}},"30":{"start":{"line":52,"column":12},"end":{"line":52,"column":47}},"31":{"start":{"line":53,"column":12},"end":{"line":53,"column":19}},"32":{"start":{"line":55,"column":8},"end":{"line":55,"column":18}},"33":{"start":{"line":60,"column":4},"end":{"line":82,"column":7}},"34":{"start":{"line":61,"column":35},"end":{"line":61,"column":37}},"35":{"start":{"line":62,"column":8},"end":{"line":62,"column":47}},"36":{"start":{"line":63,"column":8},"end":{"line":81,"column":11}},"37":{"start":{"line":64,"column":37},"end":{"line":64,"column":80}},"38":{"start":{"line":65,"column":12},"end":{"line":68,"column":13}},"39":{"start":{"line":66,"column":16},"end":{"line":66,"column":64}},"40":{"start":{"line":67,"column":16},"end":{"line":67,"column":23}},"41":{"start":{"line":69,"column":48},"end":{"line":69,"column":76}},"42":{"start":{"line":70,"column":26},"end":{"line":70,"column":60}},"43":{"start":{"line":71,"column":30},"end":{"line":71,"column":101}},"44":{"start":{"line":71,"column":61},"end":{"line":71,"column":100}},"45":{"start":{"line":72,"column":12},"end":{"line":74,"column":13}},"46":{"start":{"line":73,"column":16},"end":{"line":73,"column":70}},"47":{"start":{"line":75,"column":12},"end":{"line":77,"column":13}},"48":{"start":{"line":76,"column":16},"end":{"line":76,"column":73}},"49":{"start":{"line":78,"column":12},"end":{"line":80,"column":13}},"50":{"start":{"line":79,"column":16},"end":{"line":79,"column":93}},"51":{"start":{"line":86,"column":0},"end":{"line":90,"column":1}}},"fnMap":{"0":{"name":"passwordAuthentication","decl":{"start":{"line":10,"column":9},"end":{"line":10,"column":31}},"loc":{"start":{"line":10,"column":42},"end":{"line":39,"column":1}},"line":10},"1":{"name":"(anonymous_1)","decl":{"start":{"line":11,"column":23},"end":{"line":11,"column":24}},"loc":{"start":{"line":11,"column":44},"end":{"line":37,"column":5}},"line":11},"2":{"name":"(anonymous_2)","decl":{"start":{"line":17,"column":22},"end":{"line":17,"column":23}},"loc":{"start":{"line":17,"column":34},"end":{"line":36,"column":9}},"line":17},"3":{"name":"(anonymous_3)","decl":{"start":{"line":26,"column":46},"end":{"line":26,"column":47}},"loc":{"start":{"line":26,"column":54},"end":{"line":26,"column":109}},"line":26},"4":{"name":"tokenAuthentication","decl":{"start":{"line":42,"column":9},"end":{"line":42,"column":28}},"loc":{"start":{"line":42,"column":39},"end":{"line":57,"column":1}},"line":42},"5":{"name":"(anonymous_5)","decl":{"start":{"line":43,"column":23},"end":{"line":43,"column":24}},"loc":{"start":{"line":43,"column":44},"end":{"line":56,"column":5}},"line":43},"6":{"name":"aclAuth","decl":{"start":{"line":59,"column":9},"end":{"line":59,"column":16}},"loc":{"start":{"line":59,"column":34},"end":{"line":83,"column":1}},"line":59},"7":{"name":"(anonymous_7)","decl":{"start":{"line":60,"column":23},"end":{"line":60,"column":24}},"loc":{"start":{"line":60,"column":44},"end":{"line":82,"column":5}},"line":60},"8":{"name":"(anonymous_8)","decl":{"start":{"line":63,"column":22},"end":{"line":63,"column":23}},"loc":{"start":{"line":63,"column":34},"end":{"line":81,"column":9}},"line":63},"9":{"name":"(anonymous_9)","decl":{"start":{"line":71,"column":53},"end":{"line":71,"column":54}},"loc":{"start":{"line":71,"column":61},"end":{"line":71,"column":100}},"line":71}},"branchMap":{"0":{"loc":{"start":{"line":22,"column":12},"end":{"line":25,"column":13}},"type":"if","locations":[{"start":{"line":22,"column":12},"end":{"line":25,"column":13}},{"start":{},"end":{}}],"line":22},"1":{"loc":{"start":{"line":27,"column":12},"end":{"line":30,"column":13}},"type":"if","locations":[{"start":{"line":27,"column":12},"end":{"line":30,"column":13}},{"start":{},"end":{}}],"line":27},"2":{"loc":{"start":{"line":31,"column":12},"end":{"line":34,"column":13}},"type":"if","locations":[{"start":{"line":31,"column":12},"end":{"line":34,"column":13}},{"start":{},"end":{}}],"line":31},"3":{"loc":{"start":{"line":45,"column":8},"end":{"line":48,"column":9}},"type":"if","locations":[{"start":{"line":45,"column":8},"end":{"line":48,"column":9}},{"start":{},"end":{}}],"line":45},"4":{"loc":{"start":{"line":51,"column":8},"end":{"line":54,"column":9}},"type":"if","locations":[{"start":{"line":51,"column":8},"end":{"line":54,"column":9}},{"start":{},"end":{}}],"line":51},"5":{"loc":{"start":{"line":65,"column":12},"end":{"line":68,"column":13}},"type":"if","locations":[{"start":{"line":65,"column":12},"end":{"line":68,"column":13}},{"start":{},"end":{}}],"line":65},"6":{"loc":{"start":{"line":72,"column":12},"end":{"line":74,"column":13}},"type":"if","locations":[{"start":{"line":72,"column":12},"end":{"line":74,"column":13}},{"start":{},"end":{}}],"line":72},"7":{"loc":{"start":{"line":75,"column":12},"end":{"line":77,"column":13}},"type":"if","locations":[{"start":{"line":75,"column":12},"end":{"line":77,"column":13}},{"start":{},"end":{}}],"line":75},"8":{"loc":{"start":{"line":78,"column":12},"end":{"line":80,"column":13}},"type":"if","locations":[{"start":{"line":78,"column":12},"end":{"line":80,"column":13}},{"start":{},"end":{}}],"line":78}},"s":{"0":1,"1":1,"2":1,"3":1,"4":0,"5":0,"6":0,"7":0,"8":0,"9":0,"10":0,"11":0,"12":0,"13":0,"14":0,"15":0,"16":0,"17":0,"18":0,"19":0,"20":0,"21":0,"22":0,"23":0,"24":0,"25":0,"26":0,"27":0,"28":0,"29":0,"30":0,"31":0,"32":0,"33":0,"34":0,"35":0,"36":0,"37":0,"38":0,"39":0,"40":0,"41":0,"42":0,"43":0,"44":0,"45":0,"46":0,"47":0,"48":0,"49":0,"50":0,"51":1},"f":{"0":0,"1":0,"2":0,"3":0,"4":0,"5":0,"6":0,"7":0,"8":0,"9":0},"b":{"0":[0,0],"1":[0,0],"2":[0,0],"3":[0,0],"4":[0,0],"5":[0,0],"6":[0,0],"7":[0,0],"8":[0,0]},"_coverageSchema":"1a1c01bbd47fc00a2c39e90264f33305004495a9","hash":"f034c8efdd48cebb9799af87fe741ca77c02192c"}
,"C:\\Users\\User\\web-projects\\Backend-Node-Practice\\src\\controllers\\books.js": {"path":"C:\\Users\\User\\web-projects\\Backend-Node-Practice\\src\\controllers\\books.js","statementMap":{"0":{"start":{"line":1,"column":11},"end":{"line":1,"column":24}},"1":{"start":{"line":2,"column":13},"end":{"line":2,"column":28}},"2":{"start":{"line":3,"column":75},"end":{"line":3,"column":98}},"3":{"start":{"line":6,"column":20},"end":{"line":6,"column":43}},"4":{"start":{"line":12,"column":4},"end":{"line":18,"column":7}},"5":{"start":{"line":14,"column":27},"end":{"line":14,"column":44}},"6":{"start":{"line":15,"column":8},"end":{"line":15,"column":32}},"7":{"start":{"line":16,"column":8},"end":{"line":16,"column":65}},"8":{"start":{"line":17,"column":8},"end":{"line":17,"column":44}},"9":{"start":{"line":23,"column":30},"end":{"line":23,"column":32}},"10":{"start":{"line":24,"column":4},"end":{"line":24,"column":43}},"11":{"start":{"line":25,"column":4},"end":{"line":42,"column":7}},"12":{"start":{"line":26,"column":33},"end":{"line":26,"column":76}},"13":{"start":{"line":27,"column":8},"end":{"line":41,"column":11}},"14":{"start":{"line":29,"column":31},"end":{"line":29,"column":48}},"15":{"start":{"line":30,"column":26},"end":{"line":30,"column":66}},"16":{"start":{"line":31,"column":33},"end":{"line":31,"column":61}},"17":{"start":{"line":32,"column":12},"end":{"line":32,"column":38}},"18":{"start":{"line":33,"column":39},"end":{"line":33,"column":70}},"19":{"start":{"line":34,"column":12},"end":{"line":34,"column":64}},"20":{"start":{"line":35,"column":12},"end":{"line":35,"column":31}},"21":{"start":{"line":36,"column":12},"end":{"line":36,"column":83}},"22":{"start":{"line":39,"column":12},"end":{"line":39,"column":42}},"23":{"start":{"line":40,"column":12},"end":{"line":40,"column":56}},"24":{"start":{"line":51,"column":0},"end":{"line":54,"column":1}}},"fnMap":{"0":{"name":"getAllBooks","decl":{"start":{"line":11,"column":9},"end":{"line":11,"column":20}},"loc":{"start":{"line":11,"column":36},"end":{"line":19,"column":1}},"line":11},"1":{"name":"(anonymous_1)","decl":{"start":{"line":13,"column":9},"end":{"line":13,"column":10}},"loc":{"start":{"line":13,"column":18},"end":{"line":18,"column":5}},"line":13},"2":{"name":"addBook","decl":{"start":{"line":22,"column":9},"end":{"line":22,"column":16}},"loc":{"start":{"line":22,"column":27},"end":{"line":43,"column":1}},"line":22},"3":{"name":"(anonymous_3)","decl":{"start":{"line":25,"column":18},"end":{"line":25,"column":19}},"loc":{"start":{"line":25,"column":30},"end":{"line":42,"column":5}},"line":25},"4":{"name":"(anonymous_4)","decl":{"start":{"line":28,"column":13},"end":{"line":28,"column":14}},"loc":{"start":{"line":28,"column":22},"end":{"line":37,"column":9}},"line":28},"5":{"name":"(anonymous_5)","decl":{"start":{"line":38,"column":14},"end":{"line":38,"column":15}},"loc":{"start":{"line":38,"column":21},"end":{"line":41,"column":9}},"line":38}},"branchMap":{},"s":{"0":1,"1":1,"2":1,"3":1,"4":1,"5":1,"6":1,"7":1,"8":1,"9":0,"10":0,"11":0,"12":0,"13":0,"14":0,"15":0,"16":0,"17":0,"18":0,"19":0,"20":0,"21":0,"22":0,"23":0,"24":1},"f":{"0":1,"1":1,"2":0,"3":0,"4":0,"5":0},"b":{},"_coverageSchema":"1a1c01bbd47fc00a2c39e90264f33305004495a9","hash":"2c6c917040dc80f6a06d79525c5664aa4aed4156"}
}
