TN:
SF:src\index.js
FN:12,requestHandler
FN:49,(anonymous_1)
FN:52,(anonymous_2)
FN:65,(anonymous_3)
FNF:4
FNH:2
FNDA:1,requestHandler
FNDA:0,(anonymous_1)
FNDA:0,(anonymous_2)
FNDA:1,(anonymous_3)
DA:1,1
DA:2,1
DA:3,1
DA:7,1
DA:8,1
DA:13,1
DA:44,1
DA:47,0
DA:48,0
DA:50,0
DA:53,0
DA:54,0
DA:61,1
DA:65,1
DA:69,1
LF:15
LH:10
BRDA:7,0,0,1
BRDA:7,0,1,1
BRDA:13,1,0,1
BRDA:13,1,1,0
BRDA:13,2,0,1
BRDA:13,2,1,1
BRDA:47,3,0,0
BRDA:47,3,1,0
BRDA:47,4,0,0
BRDA:47,4,1,0
BRF:10
BRH:5
end_of_record
TN:
SF:src\utilities.js
FN:7,getRequestData
FN:8,(anonymous_1)
FN:14,returnAllRecord
FN:15,(anonymous_3)
FN:16,(anonymous_4)
FN:27,writeUpdatedRecord
FN:29,(anonymous_6)
FN:36,getDbPath
FNF:8
FNH:4
FNDA:0,getRequestData
FNDA:0,(anonymous_1)
FNDA:1,returnAllRecord
FNDA:1,(anonymous_3)
FNDA:1,(anonymous_4)
FNDA:0,writeUpdatedRecord
FNDA:0,(anonymous_6)
FNDA:2,getDbPath
DA:1,1
DA:2,1
DA:8,0
DA:9,0
DA:15,1
DA:16,1
DA:17,1
DA:18,0
DA:20,1
DA:28,0
DA:29,0
DA:30,0
DA:37,2
DA:38,2
DA:39,2
DA:45,1
LF:16
LH:10
BRDA:17,0,0,0
BRDA:17,0,1,1
BRDA:30,1,0,0
BRDA:30,1,1,0
BRF:4
BRH:1
end_of_record
TN:
SF:src\controllers\authentication.js
FN:10,passwordAuthentication
FN:11,(anonymous_1)
FN:17,(anonymous_2)
FN:26,(anonymous_3)
FN:42,tokenAuthentication
FN:43,(anonymous_5)
FN:59,aclAuth
FN:60,(anonymous_7)
FN:63,(anonymous_8)
FN:71,(anonymous_9)
FNF:10
FNH:0
FNDA:0,passwordAuthentication
FNDA:0,(anonymous_1)
FNDA:0,(anonymous_2)
FNDA:0,(anonymous_3)
FNDA:0,tokenAuthentication
FNDA:0,(anonymous_5)
FNDA:0,aclAuth
FNDA:0,(anonymous_7)
FNDA:0,(anonymous_8)
FNDA:0,(anonymous_9)
DA:1,1
DA:3,1
DA:5,1
DA:7,1
DA:11,0
DA:13,0
DA:14,0
DA:17,0
DA:18,0
DA:20,0
DA:21,0
DA:22,0
DA:23,0
DA:24,0
DA:26,0
DA:27,0
DA:28,0
DA:29,0
DA:31,0
DA:32,0
DA:33,0
DA:35,0
DA:43,0
DA:44,0
DA:45,0
DA:46,0
DA:47,0
DA:50,0
DA:51,0
DA:52,0
DA:53,0
DA:55,0
DA:60,0
DA:61,0
DA:62,0
DA:63,0
DA:64,0
DA:65,0
DA:66,0
DA:67,0
DA:69,0
DA:70,0
DA:71,0
DA:72,0
DA:73,0
DA:75,0
DA:76,0
DA:78,0
DA:79,0
DA:86,1
LF:50
LH:5
BRDA:22,0,0,0
BRDA:22,0,1,0
BRDA:27,1,0,0
BRDA:27,1,1,0
BRDA:31,2,0,0
BRDA:31,2,1,0
BRDA:45,3,0,0
BRDA:45,3,1,0
BRDA:51,4,0,0
BRDA:51,4,1,0
BRDA:65,5,0,0
BRDA:65,5,1,0
BRDA:72,6,0,0
BRDA:72,6,1,0
BRDA:75,7,0,0
BRDA:75,7,1,0
BRDA:78,8,0,0
BRDA:78,8,1,0
BRF:18
BRH:0
end_of_record
TN:
SF:src\controllers\books.js
FN:11,getAllBooks
FN:13,(anonymous_1)
FN:22,addBook
FN:25,(anonymous_3)
FN:28,(anonymous_4)
FN:38,(anonymous_5)
FNF:6
FNH:2
FNDA:1,getAllBooks
FNDA:1,(anonymous_1)
FNDA:0,addBook
FNDA:0,(anonymous_3)
FNDA:0,(anonymous_4)
FNDA:0,(anonymous_5)
DA:1,1
DA:2,1
DA:3,1
DA:6,1
DA:12,1
DA:14,1
DA:15,1
DA:16,1
DA:17,1
DA:23,0
DA:24,0
DA:25,0
DA:26,0
DA:27,0
DA:29,0
DA:30,0
DA:31,0
DA:32,0
DA:33,0
DA:34,0
DA:35,0
DA:36,0
DA:39,0
DA:40,0
DA:51,1
LF:25
LH:10
BRF:0
BRH:0
end_of_record
